0000000000000000 T __code_start
0000000000000000 A __start__
0000000000000000 T _start
0000000000000000 b _TLS_MODULE_BASE_
0000000000000000 0000000000000004 b fsdev_last_result
0000000000000004 0000000000000004 b g_fsPriority
0000000000000008 0000000000000401 B __nx_dev_path_buf
0000000000000108 T __nx_exit
0000000000000118 T __nx_mod0
0000000000000140 0000000000000034 T exit
0000000000000180 000000000000026c T main
00000000000003f0 t __do_global_dtors_aux
0000000000000440 t frame_dummy
0000000000000470 0000000000000094 T clear
0000000000000510 0000000000000088 T help
00000000000005a0 0000000000000024 t _appletInfiniteSleepLoop
00000000000005d0 0000000000000108 t _appletCmdGetSession
00000000000006e0 00000000000000cc t _appletCmdInU8NoOut
00000000000007b0 0000000000000104 t _appletGetLaunchReason
00000000000008c0 00000000000000e4 t _appletSetFocusHandlingMode
00000000000009b0 00000000000000cc t _appletCmdInU32NoOut
0000000000000a80 0000000000000138 t _appletGetSessionProxy.constprop.0
0000000000000bc0 0000000000000154 t _appletOpenLibraryAppletProxy.constprop.0
0000000000000d20 00000000000000d0 t _appletCmdGetHandle.constprop.0.isra.0
0000000000000df0 00000000000000d4 t _appletCmdNoInOutU8.isra.0
0000000000000ed0 00000000000000d4 t _appletCmdNoInOutU32.isra.0
0000000000000fb0 00000000000000d4 t _appletCmdNoInOutU64.isra.0
0000000000001090 00000000000000c0 t _appletCmdNoIO.isra.0
0000000000001150 0000000000000010 T appletGetAppletType
0000000000001160 0000000000000110 T appletSetFocusHandlingMode
0000000000001270 000000000000005c T appletSetCpuBoostMode
00000000000012d0 000000000000002c T appletCreateManagedDisplayLayer
0000000000001300 000000000000000c T appletGetAppletResourceUserId
0000000000001310 00000000000000f8 t _appletGetIndirectLayerConsumerHandle
0000000000001410 0000000000000088 t _appletHolderCreateState
00000000000014a0 00000000000000ac T appletHolderClose
0000000000001550 0000000000000024 T appletHolderGetLibraryAppletInfo
0000000000001580 0000000000000090 T appletNotifyRunning
0000000000001610 000000000000008c T appletSetGamePlayRecordingState
00000000000016a0 0000000000000ad0 t _appletCleanup
0000000000002170 0000000000000044 T appletExit
00000000000021c0 0000000000000040 T appletGetLibraryAppletInfo
0000000000002200 0000000000000ae0 T appletInitialize
0000000000002ce0 0000000000000024 t _appletExitProcess
0000000000002d10 0000000000000074 T appletGetMessage
0000000000002d90 000000000000025c T appletProcessMessage
0000000000002ff0 0000000000000034 T appletMainLoop
0000000000003030 0000000000000014 T hosversionGet
0000000000003050 0000000000000010 T hosversionSet
0000000000003060 0000000000000208 T envSetup
0000000000003270 0000000000000020 T envGetMainThreadHandle
0000000000003290 000000000000000c T envIsNso
00000000000032a0 0000000000000014 T envHasHeapOverride
00000000000032c0 000000000000000c T envGetHeapOverrideAddr
00000000000032d0 000000000000000c T envGetHeapOverrideSize
00000000000032e0 0000000000000014 T envHasArgv
0000000000003300 000000000000000c T envGetArgv
0000000000003310 000000000000000c T envGetExitFuncPtr
0000000000003320 000000000000000c T envSetExitFuncPtr
0000000000003330 000000000000000c T envHasRandomSeed
0000000000003340 0000000000000010 T envGetRandomSeed
0000000000003350 000000000000005c t _padUpdateWithCommonState
00000000000033b0 000000000000009c T padConfigureInput
0000000000003450 0000000000000024 T padInitializeWithMask
0000000000003480 0000000000000240 T padUpdate
00000000000036c0 000000000000001c W diagAbortWithResult
00000000000036e0 0000000000000048 t consoleDrawChar
0000000000003730 00000000000001fc t parseColor
0000000000003930 00000000000000b0 t consoleNewRow
00000000000039e0 0000000000000c8c t con_write
0000000000004670 0000000000000160 T consoleInit
00000000000047d0 0000000000000048 T consoleExit
0000000000004820 000000000000002c T consoleUpdate
0000000000004850 0000000000000084 T consoleClear
00000000000048e0 00000000000001b8 t ConsoleSwRenderer_drawChar
0000000000004aa0 00000000000000f8 t ConsoleSwRenderer_init
0000000000004ba0 0000000000000070 t ConsoleSwRenderer_flushAndSwap
0000000000004c10 00000000000000d8 t ConsoleSwRenderer_scrollWindow
0000000000004cf0 000000000000004c t ConsoleSwRenderer_deinit
0000000000004d40 000000000000000c W getDefaultConsoleRenderer
0000000000004d4c T svcSetHeapSize
0000000000004d60 T svcSetMemoryAttribute
0000000000004d68 T svcUnmapMemory
0000000000004d70 T svcQueryMemory
0000000000004d84 T svcExitProcess
0000000000004d8c T svcSleepThread
0000000000004d94 T svcMapSharedMemory
0000000000004d9c T svcUnmapSharedMemory
0000000000004da4 T svcCreateTransferMemory
0000000000004db8 T svcCloseHandle
0000000000004dc0 T svcResetSignal
0000000000004dc8 T svcWaitSynchronization
0000000000004ddc T svcArbitrateLock
0000000000004de4 T svcArbitrateUnlock
0000000000004dec T svcWaitProcessWideKeyAtomic
0000000000004df4 T svcSignalProcessWideKey
0000000000004dfc T svcConnectToNamedPort
0000000000004e10 T svcSendSyncRequest
0000000000004e18 T svcBreak
0000000000004e20 T svcReturnFromException
0000000000004e28 T svcGetInfo
0000000000004e3c T svcUnmapTransferMemory
0000000000004e50 0000000000000508 T waitObjects
0000000000005360 00000000000000a8 T tmemCreate
0000000000005410 0000000000000034 T tmemUnmap
0000000000005450 0000000000000068 T tmemClose
00000000000054c0 0000000000000080 T mutexLock
0000000000005540 0000000000000068 T mutexUnlock
00000000000055b0 000000000000001c T mutexIsLockedByCurrentThread
00000000000055d0 000000000000004c T rmutexLock
0000000000005620 000000000000001c T rmutexUnlock
0000000000005640 0000000000000064 t _memregionInitWithInfo
00000000000056b0 0000000000000004 W __libnx_virtmem_rng
00000000000056c0 000000000000016c t _memregionFindRandom
0000000000005830 0000000000000120 T virtmemSetup
0000000000005950 000000000000000c T virtmemLock
0000000000005960 000000000000000c T virtmemUnlock
0000000000005970 0000000000000054 T virtmemFindAslr
00000000000059d0 000000000000000c T eventLoadRemote
00000000000059e0 0000000000000038 T eventWait
0000000000005a20 0000000000000050 T eventClose
0000000000005a70 00000000000003dc T randomGet
0000000000005e50 0000000000000020 T randomGet64
0000000000005e70 00000000000000c0 t _apmCleanup
0000000000005f30 00000000000000fc t _apmCmdGetSession.constprop.0
0000000000006030 00000000000000a0 T apmInitialize
00000000000060d0 0000000000000044 T apmExit
0000000000006120 00000000000000c8 T apmSetPerformanceConfiguration
00000000000061f0 00000000000000d0 t _smCmifCmdInPid
00000000000062c0 0000000000000068 t _smCleanup
0000000000006330 0000000000000048 T smAddOverrideHandle
0000000000006380 0000000000000054 T smGetServiceOverride
00000000000063e0 00000000000001c0 T smInitialize
00000000000065a0 0000000000000044 T smExit
00000000000065f0 00000000000000d0 T smGetServiceOriginal
00000000000066c0 0000000000000120 T smGetServiceWrapper
00000000000067e0 0000000000000108 t _hidCleanup
00000000000068f0 00000000000000d8 t _hidCmdInAruidNoOut
00000000000069d0 00000000000000e4 t _hidCmdInU32AruidNoOut
0000000000006ac0 00000000000001a4 t _hidGetStates
0000000000006c70 0000000000000114 t _hidCreateAppletResource.constprop.0
0000000000006d90 00000000000000c8 t _hidCmdGetHandle.constprop.0
0000000000006e60 00000000000000dc T hidInitialize
0000000000006f40 0000000000000044 T hidExit
0000000000006f90 000000000000000c T hidGetSharedmemAddr
0000000000006fa0 0000000000000094 T hidGetNpadStyleSet
0000000000007040 000000000000006c T hidInitializeNpad
00000000000070b0 00000000000000ac T hidGetNpadStatesFullKey
0000000000007160 00000000000000ac T hidGetNpadStatesHandheld
0000000000007210 00000000000000ac T hidGetNpadStatesJoyDual
00000000000072c0 00000000000000ac T hidGetNpadStatesJoyLeft
0000000000007370 00000000000000ac T hidGetNpadStatesJoyRight
0000000000007420 0000000000000168 T hidGetNpadStatesGc
0000000000007590 00000000000000b0 T hidGetNpadStatesSystemExt
0000000000007640 0000000000000008 T hidSetSupportedNpadStyleSet
0000000000007650 0000000000000100 T hidSetSupportedNpadIdType
0000000000007750 000000000000008c T framebufferMakeLinear
00000000000077e0 0000000000000080 T framebufferClose
0000000000007860 00000000000002b4 T framebufferCreate
0000000000007b20 0000000000000088 T framebufferBegin
0000000000007bb0 0000000000000184 T framebufferEnd
0000000000007d40 000000000000000c T nwindowGetDefault
0000000000007d50 00000000000000b0 T __nx_win_init
0000000000007e00 0000000000000034 T __nx_win_exit
0000000000007e40 0000000000000024 T nwindowIsValid
0000000000007e70 0000000000000080 T nwindowClose
0000000000007ef0 00000000000000f4 T nwindowCreate
0000000000007ff0 0000000000000034 T nwindowCreateFromLayer
0000000000008030 0000000000000088 T nwindowSetDimensions
00000000000080c0 0000000000000190 T nwindowConfigureBuffer
0000000000008250 00000000000001d4 T nwindowDequeueBuffer
0000000000008430 0000000000000140 T nwindowQueueBuffer
0000000000008570 00000000000000a0 T nwindowReleaseBuffers
0000000000008610 00000000000000a0 T __nx_dynamic
00000000000086b0 00000000000000d8 W __libnx_initheap
0000000000008790 00000000000000ec W __appInit
0000000000008880 0000000000000044 W __appExit
00000000000088d0 000000000000002c W __libnx_init
0000000000008900 0000000000000020 W __libnx_exit
0000000000008920 0000000000000004 W __libnx_alloc
0000000000008930 0000000000000014 W __libnx_aligned_alloc
0000000000008950 0000000000000004 W __libnx_free
0000000000008960 000000000000001c T __syscall_exit
0000000000008980 0000000000000004 T __syscall_lock_acquire
0000000000008990 0000000000000004 T __syscall_lock_release
00000000000089a0 0000000000000004 T __syscall_lock_acquire_recursive
00000000000089b0 0000000000000004 T __syscall_lock_release_recursive
00000000000089c0 0000000000000228 T __libnx_init_time
0000000000008bf0 0000000000000084 T newlibSetup
0000000000008c80 0000000000000308 W argvSetup
0000000000008f90 0000000000000014 t fsdev_link
0000000000008fb0 0000000000000014 t fsdev_dirreset
0000000000008fd0 0000000000000014 t fsdev_chmod
0000000000008ff0 0000000000000018 t error_cmp
0000000000009010 0000000000000020 t fsdev_dirclose
0000000000009030 000000000000001c t fsdev_close
0000000000009050 0000000000000080 t fsdev_converttimetoutc
00000000000090d0 00000000000000c8 t fsdevFindDevice.part.0
00000000000091a0 00000000000001ac t fsdev_fixpath
0000000000009350 00000000000000a0 t _fsdevUnmountDeviceStruct.part.0
00000000000093f0 0000000000000014 t fsdev_fchmod
0000000000009410 0000000000000108 t fsdev_diropen
0000000000009520 00000000000000fc t fsdev_statvfs
0000000000009620 000000000000007c t fsdev_fsync
00000000000096a0 00000000000000f4 t fsdev_fstat
00000000000097a0 000000000000008c t fsdev_ftruncate
0000000000009830 00000000000001fc t fsdev_stat
0000000000009a30 000000000000014c t fsdev_rename
0000000000009b80 0000000000000140 t fsdev_chdir
0000000000009cc0 00000000000000a4 t fsdev_mkdir
0000000000009d70 00000000000000a4 t fsdev_unlink
0000000000009e20 00000000000000a4 t fsdev_rmdir
0000000000009ed0 000000000000013c t fsdev_write_safe
000000000000a010 000000000000013c t fsdev_read_safe
000000000000a150 0000000000000104 t fsdev_read
000000000000a260 00000000000001a0 t fsdev_dirnext
000000000000a400 000000000000011c t fsdev_write
000000000000a520 00000000000000f0 t fsdev_seek
000000000000a610 000000000000023c t fsdev_open
000000000000a850 0000000000000214 T fsdevMountDevice
000000000000aa70 0000000000000040 T fsdevMountSdmc
000000000000aab0 00000000000000c0 T __libnx_init_cwd
000000000000ab70 0000000000000064 T fsdevUnmountAll
000000000000abe0 000000000000012c T decode_utf8
000000000000ad0c T armDCacheFlush
000000000000ad3c t armDCacheFlush_L0
000000000000ad58 W __libnx_exception_entry
000000000000ade4 t __libnx_exception_entry_start
000000000000af0c t __libnx_exception_entry_abort
000000000000af10 t __libnx_exception_entry_end
000000000000af18 T __libnx_exception_returnentry
000000000000af30 T __aarch64_read_tp
000000000000af40 0000000000000014 T shmemLoadRemote
000000000000af60 0000000000000088 T shmemMap
000000000000aff0 0000000000000034 T shmemUnmap
000000000000b030 0000000000000044 T shmemClose
000000000000b080 0000000000000064 T condvarWaitTimeout
000000000000b0f0 00000000000000b0 T __libnx_init_thread
000000000000b1a0 00000000000001dc t _viCleanup
000000000000b380 0000000000000100 t _viCmdGetSessionNoParams.constprop.0
000000000000b480 00000000000000fc t _viCmdGetSession.constprop.0
000000000000b580 0000000000000274 T viInitialize
000000000000b800 0000000000000044 T viExit
000000000000b850 000000000000000c T viGetSession_IHOSBinderDriverRelay
000000000000b860 0000000000000110 T viOpenDisplay
000000000000b970 00000000000000f4 T viCloseDisplay
000000000000ba70 00000000000000fc T viCloseLayer
000000000000bb70 000000000000039c T viCreateLayer
000000000000bf10 00000000000000d8 T viSetLayerScalingMode
000000000000bff0 00000000000000d4 t _setsysGetFirmwareVersionImpl
000000000000c0d0 0000000000000068 t _setsysCleanup
000000000000c140 00000000000000a0 T setsysInitialize
000000000000c1e0 0000000000000044 T setsysExit
000000000000c230 0000000000000044 T setsysGetFirmwareVersion
000000000000c280 00000000000000b4 t _fsCleanup
000000000000c340 00000000000001b0 t _fsCmdNoIO
000000000000c4f0 00000000000001d0 t _fsFsCmdWithInPath
000000000000c6c0 00000000000001f8 t _fsFsCmdWithTwoInPaths
000000000000c8c0 000000000000023c t _fsFsOpenCommon
000000000000cb00 00000000000001ec t _fsFsCmdWithInPathAndOutU64
000000000000ccf0 00000000000000f4 t _fsObjectClose
000000000000cdf0 000000000000017c t _fsCmdGetSession.constprop.0
000000000000cf70 0000000000000304 T fsInitialize
000000000000d280 0000000000000044 T fsExit
000000000000d2d0 0000000000000008 T fsOpenSdCardFileSystem
000000000000d2e0 00000000000001e0 T fsFsCreateFile
000000000000d4c0 0000000000000008 T fsFsDeleteFile
000000000000d4d0 0000000000000008 T fsFsCreateDirectory
000000000000d4e0 0000000000000008 T fsFsDeleteDirectory
000000000000d4f0 0000000000000008 T fsFsRenameFile
000000000000d500 0000000000000008 T fsFsRenameDirectory
000000000000d510 00000000000001e8 T fsFsGetEntryType
000000000000d700 0000000000000008 T fsFsOpenFile
000000000000d710 0000000000000008 T fsFsOpenDirectory
000000000000d720 0000000000000008 T fsFsGetFreeSpace
000000000000d730 0000000000000008 T fsFsGetTotalSpace
000000000000d740 0000000000000230 T fsFsGetFileTimeStampRaw
000000000000d970 0000000000000004 T fsFsClose
000000000000d980 000000000000020c T fsFileRead
000000000000db90 00000000000001fc T fsFileWrite
000000000000dd90 0000000000000008 T fsFileFlush
000000000000dda0 00000000000001b4 T fsFileSetSize
000000000000dda0 00000000000001b4 t fsFileSetSize.localalias
000000000000df60 00000000000001c4 T fsFileGetSize
000000000000df60 00000000000001c4 t fsFileGetSize.localalias
000000000000e130 0000000000000004 T fsFileClose
000000000000e140 0000000000000004 T fsDirClose
000000000000e150 0000000000000200 T fsDirRead
000000000000e350 00000000000000d0 t _nvSetClientPID
000000000000e420 00000000000000d0 t _nvCleanup
000000000000e4f0 00000000000000d8 t _nvCmdInitialize.constprop.0
000000000000e5d0 000000000000001c W __nx_nv_create_tmem
000000000000e5f0 0000000000000220 T nvInitialize
000000000000e810 0000000000000044 T nvExit
000000000000e860 00000000000000f4 T nvConvertError
000000000000e960 0000000000000118 T nvOpen
000000000000ea80 00000000000002bc T nvIoctl
000000000000ed40 00000000000000d8 T nvClose
000000000000ee20 000000000000010c T nvQueryEvent
000000000000ef30 0000000000000228 t _timeCleanup
000000000000f160 0000000000000100 t _timeCmdGetSession.constprop.0
000000000000f260 00000000000000cc t _timeGetSharedMemoryNativeHandle.constprop.0
000000000000f330 00000000000000c4 t _timeCmdNoInOutU64.constprop.0.isra.0
000000000000f400 0000000000000110 t _timeReadClockFromSharedMem
000000000000f510 0000000000000238 T timeInitialize
000000000000f750 0000000000000044 T timeExit
000000000000f7a0 0000000000000038 T timeGetServiceSession_SystemClock
000000000000f7e0 0000000000000068 T timeGetCurrentTime
000000000000f850 0000000000000110 T timeToCalendarTimeWithMyRule
000000000000f960 0000000000000104 T timeToPosixTimeWithMyRule
000000000000fa70 000000000000007c t _nvFenceCleanup
000000000000faf0 0000000000000098 T nvFenceInit
000000000000fb90 0000000000000044 T nvFenceExit
000000000000fbe0 000000000000024c T nvFenceWait
000000000000fe30 0000000000000074 T nvMultiFenceWait
000000000000feb0 00000000000000b4 T nvMapInit
000000000000ff70 000000000000006c T nvMapExit
000000000000ffe0 0000000000000080 T nvMapClose
0000000000010060 0000000000000154 T nvMapCreate
00000000000101c0 0000000000000028 T nvioctlNvhostCtrl_EventSignal
00000000000101f0 0000000000000044 T nvioctlNvhostCtrl_EventWait
0000000000010240 0000000000000030 T nvioctlNvhostCtrl_EventWaitAsync
0000000000010270 0000000000000028 T nvioctlNvhostCtrl_EventRegister
00000000000102a0 0000000000000028 T nvioctlNvhostCtrl_EventUnregister
00000000000102d0 0000000000000040 T nvioctlNvmap_Create
0000000000010310 0000000000000038 T nvioctlNvmap_Alloc
0000000000010350 0000000000000034 T nvioctlNvmap_Free
0000000000010390 0000000000000040 T nvioctlNvmap_GetId
00000000000103d0 00000000000000d8 T bqRequestBuffer
00000000000104b0 0000000000000160 T bqDequeueBuffer
0000000000010610 00000000000000dc T bqQueueBuffer
00000000000106f0 0000000000000094 T bqCancelBuffer
0000000000010790 00000000000000e4 T bqConnect
0000000000010880 000000000000009c T bqDisconnect
0000000000010920 0000000000000174 T bqSetPreallocatedBuffer
0000000000010aa0 000000000000001c T binderCreate
0000000000010ac0 00000000000003c4 T binderTransactParcel
0000000000010e90 00000000000000ec T binderConvertErrorCode
0000000000010f80 0000000000000124 T binderAdjustRefcount
00000000000110b0 0000000000000098 T binderInitSession
0000000000011150 0000000000000068 T binderClose
00000000000111c0 0000000000000158 T binderGetNativeHandle
0000000000011320 0000000000000030 T parcelCreate
0000000000011350 000000000000019c T parcelTransact
00000000000114f0 0000000000000088 T parcelWriteData
0000000000011580 0000000000000098 T parcelReadData
0000000000011620 0000000000000020 T parcelWriteInt32
0000000000011640 0000000000000020 T parcelWriteUInt32
0000000000011660 000000000000007c T parcelWriteString16
00000000000116e0 0000000000000030 T parcelWriteInterfaceToken
0000000000011710 0000000000000024 T parcelReadInt32
0000000000011740 0000000000000068 T parcelReadFlattenedObject
00000000000117b0 000000000000004c T parcelWriteFlattenedObject
0000000000011800 00000000000000c4 T nxlinkSetup
00000000000118d0 0000000000000178 T sessionmgrCreate
0000000000011a50 0000000000000084 T sessionmgrClose
0000000000011ae0 00000000000000b4 T sessionmgrAttachClient
0000000000011ba0 0000000000000070 T sessionmgrDetachClient
0000000000011c10 000000000000002c T aligned_alloc
0000000000011c40 0000000000000024 T malloc
0000000000011c70 0000000000000024 T free
0000000000011ca0 0000000000000830 T _malloc_r
00000000000124d0 000000000000000c T __malloc_lock
00000000000124e0 000000000000000c T __malloc_unlock
00000000000124f0 0000000000000198 t _strtoul_l.constprop.0
0000000000012690 0000000000000044 T _strtoul_r
00000000000126e0 0000000000000048 T strtoul
0000000000012730 0000000000000180 T _memalign_r
00000000000128b0 000000000000003c T setenv
00000000000128f0 0000000000000254 T _setenv_r
0000000000012b50 00000000000000b8 T bsearch
0000000000012c10 000000000000001c t stdio_exit_handler
0000000000012c30 000000000000006c t cleanup_stdio
0000000000012ca0 0000000000000140 t global_stdio_init.part.0
0000000000012de0 000000000000000c T __sfp_lock_acquire
0000000000012df0 000000000000000c T __sfp_lock_release
0000000000012e00 0000000000000054 T __sinit
0000000000012e60 00000000000000a0 T _fwalk_sglue
0000000000012f00 0000000000000084 T printf
0000000000012f90 0000000000000028 T putchar
0000000000012fc0 00000000000000d0 T _puts_r
0000000000013090 0000000000000024 T puts
00000000000130c0 0000000000000254 T setvbuf
0000000000013320 00000000000000bc T sscanf
00000000000133e0 0000000000000050 T __sread
0000000000013430 0000000000000008 T __seofread
0000000000013440 000000000000006c T __swrite
00000000000134b0 0000000000000050 T __sseek
0000000000013500 0000000000000008 T __sclose
0000000000013510 0000000000000078 T strncat
0000000000013590 0000000000000090 T strncpy
0000000000013620 000000000000002c T gmtime
0000000000013650 00000000000002a0 T gmtime_r
00000000000138f0 0000000000000010 T __getreent
0000000000013900 0000000000000014 T __errno
0000000000013920 0000000000000094 T __libc_init_array
00000000000139c0 0000000000000044 T __libc_fini_array
0000000000013a04 00000000000000d8 T memchr
0000000000013b00 000000000000016c T memcpy
0000000000013c80 00000000000001dc T memset
0000000000013e5c 00000000000000dc T strchr
0000000000013f40 00000000000000e4 T strcmp
0000000000014040 0000000000000140 T strlen
000000000001419c 00000000000001b8 T strncmp
00000000000143a4 00000000000000e0 T strnlen
0000000000014460 0000000000000124 T __call_exitprocs
0000000000014590 000000000000000c T __env_lock
00000000000145a0 000000000000000c T __env_unlock
00000000000145b0 0000000000000124 T _malloc_trim_r
00000000000146e0 00000000000002d8 T _free_r
00000000000149c0 00000000000000fc T _findenv_r
0000000000014ac0 0000000000000524 T _realloc_r
0000000000014ff0 000000000000002c T memalign
000000000001501c 0000000000000074 t get_arg
0000000000015090 00000000000030ec T __ssvfscanf_r
000000000001817c 0000000000000804 t get_arg
0000000000018980 0000000000003c88 T _vfprintf_r
000000000001c608 00000000000000d0 t __sbprintf
000000000001c6d8 0000000000000804 t get_arg
000000000001cedc 0000000000000038 T __sprint_r
000000000001cf14 0000000000002974 T _vfiprintf_r
000000000001f888 00000000000000d0 t __sbprintf
000000000001f960 0000000000000138 T _fclose_r
000000000001faa0 0000000000000208 T __sflush_r
000000000001fcb0 00000000000000b8 T _fflush_r
000000000001fd70 00000000000004cc T __sfvwrite_r
0000000000020240 0000000000000094 T __swhatbuf_r
00000000000202e0 0000000000000108 T __smakebuf_r
00000000000203f0 00000000000000e0 T _putc_r
00000000000204d0 00000000000000d4 T __sccl
00000000000205b0 00000000000000a8 T sprintf
0000000000020660 0000000000000118 T __swbuf_r
0000000000020780 0000000000000124 T __swsetup_r
00000000000208b0 0000000000000098 T stpncpy
0000000000020950 000000000000002c T __locale_mb_cur_max
0000000000020980 0000000000000008 T __localeconv_l
0000000000020990 0000000000000028 T _localeconv_r
00000000000209c0 00000000000000ac T memmove
0000000000020a70 000000000000000c T nanf
0000000000020a80 0000000000000078 T frexp
0000000000020b00 00000000000001a4 t quorem
0000000000020cb0 0000000000001168 T _dtoa_r
0000000000021e20 00000000000002b8 T __utf8_mbtowc
00000000000220e0 000000000000008c T _Balloc
0000000000022170 000000000000001c T _Bfree
0000000000022190 0000000000000108 T __multadd
00000000000222a0 0000000000000130 T __s2b
00000000000223d0 0000000000000080 T __hi0bits
0000000000022450 000000000000009c T __lo0bits
00000000000224f0 000000000000004c T __i2b
0000000000022540 00000000000001e4 T __multiply
0000000000022730 0000000000000104 T __pow5mult
0000000000022840 0000000000000170 T __lshift
00000000000229b0 0000000000000050 T __mcmp
0000000000022a00 00000000000001c4 T __mdiff
0000000000022bd0 0000000000000084 T __ulp
0000000000022c60 0000000000000168 T __b2d
0000000000022dd0 0000000000000154 T __d2b
0000000000022f30 00000000000000a0 T __ratio
0000000000022fd0 0000000000000068 T __copybits
0000000000023040 000000000000006c T __any_on
00000000000230b0 000000000000002c T realloc
00000000000230e0 0000000000000054 t sulp
0000000000023140 0000000000001164 T _strtod_l
00000000000242b0 0000000000000050 T _strtod_r
0000000000024300 0000000000000188 t _strtol_l.part.0
0000000000024490 0000000000000070 T _strtol_r
0000000000024500 00000000000000e4 T __utf8_wctomb
00000000000245f0 0000000000000188 t _strtoll_l.constprop.0
0000000000024780 0000000000000044 T _strtoll_r
00000000000247d0 0000000000000198 t _strtoull_l.constprop.0
0000000000024970 0000000000000044 T _strtoull_r
00000000000249c0 00000000000000f0 T _mbrtowc_r
0000000000024ab0 00000000000000d8 T _wcrtomb_r
0000000000024b90 0000000000000010 T _wcsrtombs_r
0000000000024ba0 0000000000000008 T iswspace
0000000000024bb0 0000000000000048 T iswspace_l
0000000000024bf8 00000000000001bc T __ssprint_r
0000000000024db4 00000000000000e8 T _sungetc_r
0000000000024e9c 0000000000000070 T __ssrefill_r
0000000000024f0c 00000000000000e0 T _sfread_r
0000000000024fec 0000000000000804 t get_arg
00000000000257f0 0000000000003bec T _svfprintf_r
00000000000293e0 00000000000000b8 T __submore
00000000000294a0 000000000000000c T nan
00000000000294b0 0000000000000064 T __assert_func
0000000000029520 00000000000000c0 T _calloc_r
00000000000295e0 0000000000000118 t rshift
0000000000029700 0000000000000838 T __gethex
0000000000029f40 0000000000000048 T __match
0000000000029f90 0000000000000258 T __hexnan
000000000002a1f0 00000000000001ac T _wcsnrtombs_l
000000000002a3a0 0000000000000074 T _wcsnrtombs_r
000000000002a420 0000000000000080 T category
000000000002a4a0 0000000000000084 T fiprintf
000000000002a530 0000000000000018 T abort
000000000002a550 00000000000000a4 T _raise_r
000000000002a600 0000000000000024 T raise
000000000002a630 0000000000000020 T _exit
000000000002a650 0000000000000208 T _concatenate_path
000000000002a860 0000000000000170 T chdir
000000000002a9d0 0000000000000084 T _fstat_r
000000000002aa60 0000000000000014 T _getpid_r
000000000002aa80 0000000000000050 T __get_handle
000000000002aad0 00000000000000f0 T _close_r
000000000002abc0 0000000000000008 t null_write
000000000002abd0 0000000000000018 T setDefaultDevice
000000000002abf0 0000000000000114 T FindDevice
000000000002ad10 0000000000000034 T RemoveDevice
000000000002ad50 00000000000000c8 T AddDevice
000000000002ae20 0000000000000034 T GetDeviceOpTab
000000000002ae60 0000000000000008 T _isatty_r
000000000002ae70 0000000000000014 T _kill_r
000000000002ae90 0000000000000098 T _lseek_r
000000000002af30 00000000000000a4 T _read_r
000000000002afe0 0000000000000078 W _sbrk_r
000000000002b060 0000000000000014 T __libc_lock_acquire
000000000002b080 0000000000000014 T __libc_lock_release
000000000002b0a0 0000000000000014 T __libc_lock_acquire_recursive
000000000002b0c0 0000000000000014 T __libc_lock_release_recursive
000000000002b0e0 00000000000000a4 T _write_r
000000000002b190 0000000000000158 t __extenddftf2
000000000002b2f0 00000000000003b4 t __trunctfdf2
000000000002b6b0 0000000000000070 t __sfp_handle_exceptions
000000000002b720 0000000000000100 T strrchr
000000000002b820 T _init
000000000002b858 T _fini
000000000002c000 R __rodata_start
000000000002c348 0000000000000014 r CSWTCH.555
000000000002c4c0 0000000000000018 r grayScale
000000000002c4d8 0000000000000006 r colorCube
000000000002c4e0 0000000000000030 r colorTable
000000000002c510 R default_font_bin
000000000002e510 R default_font_bin_end
000000000002e520 0000000000000038 r g_nvColorFmtTable
000000000002e590 0000000000000020 r error_table
000000000002e5f0 0000000000000023 r g_bq_InterfaceDescriptor
000000000002e680 0000000000000101 R _ctype_
000000000002e890 0000000000000022 r basefix.0
000000000002e9d0 0000000000000010 r zeroes.0
000000000002e9e0 0000000000000010 r blanks.1
000000000002ead0 0000000000000010 r zeroes.0
000000000002eae0 0000000000000010 r blanks.1
000000000002ec20 000000000000000c r p05.0
000000000002ec30 0000000000000028 R __mprec_bigtens
000000000002ec58 00000000000000c8 R __mprec_tens
000000000002ed38 0000000000000014 r fpinan.0
000000000002ed50 0000000000000014 r fpi.1
000000000002ed70 0000000000000028 r tinytens
000000000002edb0 000000000000006c R __action_table
000000000002ee20 000000000000006c R __state_table
000000000002ee90 0000000000000100 R __chclass
000000000002f070 0000000000000010 r zeroes.0
000000000002f080 0000000000000010 r blanks.1
000000000002f118 0000000000000100 R __hexdig
000000000002f218 0000000000003528 r categories
0000000000032740 r __EH_FRAME_BEGIN__
0000000000032740 R __eh_frame_hdr_end
0000000000032740 R __eh_frame_hdr_start
00000000000382dc r __FRAME_END__
00000000000382e0 a _DYNAMIC
000000000003b000 R __data_start
000000000003b000 t __frame_dummy_init_array_entry
000000000003b000 T __init_array_start
000000000003b000 B __preinit_array_end
000000000003b000 B __preinit_array_start
000000000003b000 D __tdata_lma
000000000003b000 D __tdata_lma_end
000000000003b008 t __do_global_dtors_aux_fini_array_entry
000000000003b008 T __fini_array_start
000000000003b008 T __init_array_end
000000000003b010 T __fini_array_end
000000000003b010 T __got_start__
000000000003b010 a _GLOBAL_OFFSET_TABLE_
000000000003b2a0 D __got_end__
000000000003b2a0 0000000000000008 V __nx_applet_init_timeout
000000000003b2a8 0000000000000001 V __nx_applet_auto_notifyrunning
000000000003b2ac 0000000000000004 V __nx_applet_type
000000000003b2b0 00000000000000e0 d dotab_stdout
000000000003b390 0000000000000008 d currentConsole
000000000003b398 0000000000000050 d defaultConsole
000000000003b3e8 0000000000000088 d s_consoleSwRenderer
000000000003b470 0000000000000008 V __nx_exception_stack_size
000000000003b478 0000000000000001 V __nx_fsdev_support_cwd
000000000003b47c 0000000000000004 V __nx_fsdev_direntry_cache_size
000000000003b480 00000000000000e0 d fsdev_devoptab
000000000003b560 0000000000000004 d g_viServiceType
000000000003b564 0000000000000004 V __nx_vi_stray_layer_flags
000000000003b568 0000000000000004 V __nx_fs_num_sessions
000000000003b56c 0000000000000004 V __nx_nv_transfermem_size
000000000003b570 0000000000000004 d g_ctrl_fd
000000000003b574 0000000000000004 d g_nvmap_fd
000000000003b578 0000000000000008 D __malloc_sbrk_base
000000000003b580 0000000000000008 D __malloc_trim_threshold
000000000003b588 0000000000000810 D __malloc_av_
000000000003bd98 0000000000000018 D __sglue
000000000003bdb0 0000000000000008 D _impure_ptr
000000000003bdb8 0000000000000160 D _impure_data
000000000003bf18 0000000000000008 D environ
000000000003bf20 00000000000001a8 D __global_locale
000000000003c0d0 0000000000000400 d _current_working_directory
000000000003c4d0 0000000000002000 d handles
000000000003e4d0 0000000000000010 d __stderr_handle
000000000003e4e0 0000000000000010 d __stdout_handle
000000000003e4f0 0000000000000010 d __stdin_handle
000000000003e500 0000000000000118 D devoptab_list
000000000003e618 00000000000000e0 D dotab_stdnull
000000000003e6f8 0000000000000004 d defaultDevice
000000000003e6fc D __bss_start__
000000000003e700 b completed.1
000000000003e708 b object.0
000000000003e738 0000000000000008 b g_appletGuard
000000000003e740 0000000000000001 b g_appletInfoInitialized
000000000003e748 0000000000000050 b g_appletInfo
000000000003e798 0000000000000004 b g_appletCpuBoostMode
000000000003e7a0 000000000000000c b g_appletLibraryAppletLaunchableEvent
000000000003e7ac 0000000000000001 b g_appletSuspendedTickInitialized
000000000003e7b0 0000000000000008 b g_appletSuspendedTick
000000000003e7b8 0000000000000008 b g_appletInitTickBase
000000000003e7c0 000000000000000c b g_appletSuspendedTickEvent
000000000003e7cc 0000000000000001 b g_appletCopyrightInitialized
000000000003e7d0 0000000000000028 b g_appletCopyrightTmem
000000000003e7f8 0000000000000004 b g_appletRecordingInitialized
000000000003e800 0000000000000028 b g_appletRecordingTmem
000000000003e828 0000000000000018 b g_appletFirstHook
000000000003e840 0000000000000001 b g_appletNotifiedRunning
000000000003e841 0000000000000001 b g_appletFocusState
000000000003e844 0000000000000004 b g_appletPerformanceMode
000000000003e848 0000000000000001 b g_appletOperationMode
000000000003e850 0000000000000008 b g_appletResourceUserId
000000000003e858 000000000000000c b g_appletMessageEvent
000000000003e868 0000000000000010 b g_appletIDebugFunctions
000000000003e878 0000000000000010 b g_appletIDisplayController
000000000003e888 0000000000000010 b g_appletIAudioController
000000000003e898 0000000000000010 b g_appletIWindowController
000000000003e8a8 0000000000000010 b g_appletISelfController
000000000003e8b8 0000000000000010 b g_appletICommonStateGetter
000000000003e8c8 0000000000000010 b g_appletILibraryAppletCreator
000000000003e8d8 0000000000000010 b g_appletIProcessWindingController
000000000003e8e8 0000000000000010 b g_appletILibraryAppletSelfAccessor
000000000003e8f8 0000000000000010 b g_appletIApplicationCreator
000000000003e908 0000000000000010 b g_appletIGlobalStateController
000000000003e918 0000000000000010 b g_appletIFunctions
000000000003e928 0000000000000010 b g_appletIAppletCommonFunctions
000000000003e938 0000000000000004 b g_appletExitProcessResult
000000000003e93c 0000000000000001 b g_appletExitProcessFlag
000000000003e93d 0000000000000001 b g_appletLeftInitialized
000000000003e940 0000000000000010 b g_appletProxySession
000000000003e950 0000000000000010 b g_appletSrv
000000000003e960 0000000000000004 V __nx_applet_exit_mode
000000000003e968 0000000000000008 V __nx_applet_PerformanceConfiguration
000000000003e970 0000000000000080 V __nx_applet_AppletAttribute
000000000003e9f0 0000000000000004 b g_hosVersion
000000000003e9f8 0000000000000008 b g_userIdStorage
000000000003ea00 0000000000000010 b g_randomSeed
000000000003ea10 0000000000000001 b g_hasRandomSeed
000000000003ea14 0000000000000004 b g_lastLoadResult
000000000003ea18 0000000000000008 b g_nextLoadArgv
000000000003ea20 0000000000000008 b g_nextLoadPath
000000000003ea28 0000000000000004 b g_processHandle
000000000003ea30 0000000000000018 b g_syscallHints
000000000003ea48 0000000000000008 b g_overrideArgv
000000000003ea50 0000000000000008 b g_overrideHeapSize
000000000003ea58 0000000000000008 b g_overrideHeapAddr
000000000003ea60 0000000000000008 b g_loaderRetAddr
000000000003ea68 0000000000000004 b g_mainThreadHandle
000000000003ea70 0000000000000008 b g_loaderInfoSize
000000000003ea78 0000000000000008 b g_loaderInfo
000000000003ea80 0000000000000001 b g_isNso
000000000003ea81 0000000000000001 b didFirstConsoleInit.0
000000000003ea88 0000000000000050 b currentCopy
000000000003ead8 B __stack_top
000000000003eae0 0000000000000001 b g_IsLegacyKernel
000000000003eae8 0000000000000008 b g_Reservations
000000000003eaf0 0000000000000010 b g_StackRegion
000000000003eb00 0000000000000010 b g_AslrRegion
000000000003eb10 0000000000000010 b g_HeapRegion
000000000003eb20 0000000000000010 b g_AliasRegion
000000000003eb30 0000000000000004 b g_VirtmemMutex
000000000003eb34 0000000000000004 b g_randMutex
000000000003eb38 0000000000000001 b g_randInit
000000000003eb40 0000000000000040 b g_chacha
000000000003eb80 0000000000000008 b g_apmGuard
000000000003eb88 0000000000000010 b g_apmISession
000000000003eb98 0000000000000010 b g_apmSrv
000000000003eba8 0000000000000008 b g_smGuard
000000000003ebb0 0000000000000008 b g_smOverridesNum
000000000003ebb8 0000000000000180 b g_smOverrides
000000000003ed38 0000000000000010 b g_smSrv
000000000003ed48 0000000000000008 b g_hidGuard
000000000003ed50 0000000000000008 b g_sevenSixAxisSensorBuffer
000000000003ed58 0000000000000020 b g_hidSharedmem
000000000003ed78 0000000000000010 b g_hidIActiveVibrationDeviceList
000000000003ed88 0000000000000010 b g_hidIAppletResource
000000000003ed98 0000000000000010 b g_hidSrv
000000000003eda8 0000000000000080 b g_defaultWin
000000000003ee28 0000000000000010 b g_viLayer
000000000003ee38 0000000000000050 b g_viDisplay
000000000003ee90 0000000000000340 B __nx_exceptiondump
000000000003f1d0 0000000000000004 V __nx_exception_ignoredebug
000000000003f1e0 0000000000000400 V __nx_exception_stack
000000000003f5e0 0000000000000008 V __nx_heap_size
000000000003f5e8 0000000000000008 b __bootticks
000000000003f5f0 0000000000000008 b __boottime
000000000003f5f8 0000000000000004 V __nx_time_type
000000000003f600 0000000000000008 b g_argv_empty
000000000003f608 0000000000000008 B __system_argv
000000000003f610 0000000000000004 B __system_argc
000000000003f618 0000000000002400 b fsdev_fsdevices
0000000000041a18 0000000000000004 b fsdev_fsdevice_cwd
0000000000041a1c 0000000000000001 b fsdev_initialised
0000000000041a20 0000000000000038 b g_mainThread
0000000000041a58 0000000000000008 b g_threadList
0000000000041a60 0000000000000004 b g_threadMutex
0000000000041a68 0000000000000008 b g_viGuard
0000000000041a70 0000000000000010 b g_viIHOSBinderDriverIndirect
0000000000041a80 0000000000000010 b g_viIManagerDisplayService
0000000000041a90 0000000000000010 b g_viISystemDisplayService
0000000000041aa0 0000000000000010 b g_viIHOSBinderDriverRelay
0000000000041ab0 0000000000000010 b g_viIApplicationDisplayService
0000000000041ac0 0000000000000010 b g_viRootService
0000000000041ad0 0000000000000008 V __nx_vi_layer_id
0000000000041ad8 0000000000000008 b g_setsysGuard
0000000000041ae0 0000000000000010 b g_setsysSrv
0000000000041af0 0000000000000008 b g_fsGuard
0000000000041b00 0000000000000054 b g_fsSessionMgr
0000000000041b58 0000000000000010 b g_fsSrv
0000000000041b68 0000000000000008 b g_nvGuard
0000000000041b70 0000000000000028 b g_nvTransfermem
0000000000041b98 0000000000000010 b g_nvSrvClone
0000000000041ba8 0000000000000010 b g_nvSrv
0000000000041bb8 0000000000000008 b g_timeGuard
0000000000041bc0 0000000000000020 b g_timeSharedmem
0000000000041be0 0000000000000010 b g_timeLocalSystemClock
0000000000041bf0 0000000000000010 b g_timeTimeZoneService
0000000000041c00 0000000000000010 b g_timeSteadyClock
0000000000041c10 0000000000000010 b g_timeNetworkSystemClock
0000000000041c20 0000000000000010 b g_timeUserSystemClock
0000000000041c30 0000000000000010 b g_timeSrv
0000000000041c40 0000000000000004 V __nx_time_service_type
0000000000041c48 0000000000000008 b g_nvFenceGuard
0000000000041c50 0000000000000300 b g_NvEvents
0000000000041f50 0000000000000008 b g_NvEventUsedMask
0000000000041f58 0000000000000008 b g_nvMapGuard
0000000000041f60 0000000000000004 B __nxlink_host
0000000000041f68 0000000000000028 B __malloc_current_mallinfo
0000000000041f90 0000000000000008 B __malloc_max_total_mem
0000000000041f98 0000000000000008 B __malloc_max_sbrked_mem
0000000000041fa0 0000000000000008 B __malloc_top_pad
0000000000041fa8 000000000000000c b __malloc_recursive_mutex
0000000000041fb4 0000000000000004 b alloced.0
0000000000041fb8 000000000000000c b __sfp_recursive_mutex
0000000000041fc8 0000000000000228 B __sf
00000000000421f0 0000000000000008 B __stdio_exit_handler
00000000000421f8 0000000000000008 B __atexit
0000000000042200 000000000000000c B __atexit_recursive_mutex
0000000000042210 0000000000000008 b initial_env
0000000000042218 000000000000000c b __env_recursive_mutex
0000000000042230 0000000000000400 b temp_cwd
0000000000042630 0000000000000004 b __hndl_lock
0000000000042638 0000000000000008 B fake_heap_start
0000000000042640 0000000000000008 B fake_heap_end
0000000000042648 0000000000000008 b heap_start.0
0000000000042650 B __tls_start
0000000000042a60 B __bss_end__
0000000000042a60 A __end__
0000000000042a60 B __tls_end
0000000000043000 A __argdata__
